2022-08-02 10:31:37,824 p=102106 u=yolo n=ansible | PLAY [Reverse proxy and internet gateway] **************************************
2022-08-02 10:31:37,858 p=102106 u=yolo n=ansible | TASK [Gathering Facts] *********************************************************
2022-08-02 10:31:44,592 p=102106 u=yolo n=ansible | ok: [rproxy.itili4.ru]
2022-08-02 10:31:44,614 p=102106 u=yolo n=ansible | TASK [install-initpreroles : Copy SSH Private Key] *****************************
2022-08-02 10:31:49,444 p=102106 u=yolo n=ansible | changed: [rproxy.itili4.ru]
2022-08-02 10:31:49,459 p=102106 u=yolo n=ansible | TASK [install-initpreroles : Install addition packages. Only when addsoft var equal to "install". Add epel-release repo] ***
2022-08-02 10:32:09,636 p=102106 u=yolo n=ansible | changed: [rproxy.itili4.ru]
2022-08-02 10:32:09,646 p=102106 u=yolo n=ansible | TASK [install-initpreroles : Install git] **************************************
2022-08-02 10:32:09,658 p=102106 u=yolo n=ansible | skipping: [rproxy.itili4.ru]
2022-08-02 10:32:09,679 p=102106 u=yolo n=ansible | TASK [install-nginx-revproxy : Selinux to permissive mode] *********************
2022-08-02 10:32:12,715 p=102106 u=yolo n=ansible | changed: [rproxy.itili4.ru]
2022-08-02 10:32:12,734 p=102106 u=yolo n=ansible | TASK [install-nginx-revproxy : Reboot machine and wait 60 sec] *****************
2022-08-02 10:32:51,480 p=102106 u=yolo n=ansible | changed: [rproxy.itili4.ru]
2022-08-02 10:32:51,488 p=102106 u=yolo n=ansible | TASK [install-nginx-revproxy : Add epel-release repo] **************************
2022-08-02 10:32:53,937 p=102106 u=yolo n=ansible | ok: [rproxy.itili4.ru]
2022-08-02 10:32:53,951 p=102106 u=yolo n=ansible | TASK [install-nginx-revproxy : Install Nginx] **********************************
2022-08-02 10:33:23,112 p=102106 u=yolo n=ansible | changed: [rproxy.itili4.ru]
2022-08-02 10:33:23,120 p=102106 u=yolo n=ansible | TASK [install-nginx-revproxy : Enable service nginx and ensure it is not masked] ***
2022-08-02 10:33:25,413 p=102106 u=yolo n=ansible | changed: [rproxy.itili4.ru]
2022-08-02 10:33:25,422 p=102106 u=yolo n=ansible | TASK [install-nginx-revproxy : Set up nginx directories] ***********************
2022-08-02 10:33:27,946 p=102106 u=yolo n=ansible | changed: [rproxy.itili4.ru] => (item=sites-available)
2022-08-02 10:33:29,888 p=102106 u=yolo n=ansible | changed: [rproxy.itili4.ru] => (item=sites-enabled)
2022-08-02 10:33:29,907 p=102106 u=yolo n=ansible | TASK [install-nginx-revproxy : Add Site Config] ********************************
2022-08-02 10:33:37,112 p=102106 u=yolo n=ansible | changed: [rproxy.itili4.ru] => (item={'key': 'itili4.ru', 'value': {'client_max_body_size': '256M', 'proxy_read_timeout': '360', 'domains': ['itili4.ru', 'www.itili4.ru'], 'upstreams': [{'backend_address': 'wordpress.itili4.ru', 'backend_port': 80}], 'ssl': True, 'hsts_max_age': 63072000, 'letsencrypt': True, 'letsencrypt_email': 'beresnevia.it@gmail.com'}})
2022-08-02 10:33:40,334 p=102106 u=yolo n=ansible | changed: [rproxy.itili4.ru] => (item={'key': 'grafana.itili4.ru', 'value': {'client_max_body_size': '256M', 'proxy_read_timeout': '360', 'domains': ['grafana.itili4.ru'], 'upstreams': [{'backend_address': '192.168.102.16', 'backend_port': 3000}], 'ssl': True, 'hsts_max_age': 63072000, 'letsencrypt': True, 'letsencrypt_email': 'beresnevia.it@gmail.com'}})
2022-08-02 10:33:43,718 p=102106 u=yolo n=ansible | changed: [rproxy.itili4.ru] => (item={'key': 'prometheus.itili4.ru', 'value': {'client_max_body_size': '256M', 'proxy_read_timeout': '360', 'domains': ['prometheus.itili4.ru'], 'upstreams': [{'backend_address': '192.168.102.16', 'backend_port': 9090}], 'ssl': True, 'hsts_max_age': 63072000, 'letsencrypt': True, 'letsencrypt_email': 'beresnevia.it@gmail.com'}})
2022-08-02 10:33:47,756 p=102106 u=yolo n=ansible | changed: [rproxy.itili4.ru] => (item={'key': 'alertmanager.itili4.ru', 'value': {'client_max_body_size': '256M', 'proxy_read_timeout': '360', 'domains': ['alertmanager.itili4.ru'], 'upstreams': [{'backend_address': '192.168.102.16', 'backend_port': 9093}], 'ssl': True, 'hsts_max_age': 63072000, 'letsencrypt': True, 'letsencrypt_email': 'beresnevia.it@gmail.com'}})
2022-08-02 10:33:52,185 p=102106 u=yolo n=ansible | changed: [rproxy.itili4.ru] => (item={'key': 'gitlab.itili4.ru', 'value': {'client_max_body_size': '256M', 'proxy_read_timeout': '360', 'domains': ['gitlab.itili4.ru'], 'upstreams': [{'backend_address': '192.168.102.14', 'backend_port': 80}], 'ssl': True, 'hsts_max_age': 63072000, 'letsencrypt': True, 'letsencrypt_email': 'beresnevia.it@gmail.com'}})
2022-08-02 10:33:54,912 p=102106 u=yolo n=ansible | changed: [rproxy.itili4.ru] => (item={'key': 'wordpress.itili4.ru', 'value': {'client_max_body_size': '256M', 'proxy_read_timeout': '360', 'domains': ['wordpress.itili4.ru'], 'upstreams': [{'backend_address': 'wordpress.itili4.ru', 'backend_port': 80}], 'ssl': True, 'hsts_max_age': 63072000, 'letsencrypt': True, 'letsencrypt_email': 'beresnevia.it@gmail.com'}})
2022-08-02 10:33:54,928 p=102106 u=yolo n=ansible | TASK [install-nginx-revproxy : Create WebRoot sites] ***************************
2022-08-02 10:33:57,414 p=102106 u=yolo n=ansible | changed: [rproxy.itili4.ru] => (item={'key': 'itili4.ru', 'value': {'client_max_body_size': '256M', 'proxy_read_timeout': '360', 'domains': ['itili4.ru', 'www.itili4.ru'], 'upstreams': [{'backend_address': 'wordpress.itili4.ru', 'backend_port': 80}], 'ssl': True, 'hsts_max_age': 63072000, 'letsencrypt': True, 'letsencrypt_email': 'beresnevia.it@gmail.com'}})
2022-08-02 10:33:59,148 p=102106 u=yolo n=ansible | changed: [rproxy.itili4.ru] => (item={'key': 'grafana.itili4.ru', 'value': {'client_max_body_size': '256M', 'proxy_read_timeout': '360', 'domains': ['grafana.itili4.ru'], 'upstreams': [{'backend_address': '192.168.102.16', 'backend_port': 3000}], 'ssl': True, 'hsts_max_age': 63072000, 'letsencrypt': True, 'letsencrypt_email': 'beresnevia.it@gmail.com'}})
2022-08-02 10:34:00,730 p=102106 u=yolo n=ansible | changed: [rproxy.itili4.ru] => (item={'key': 'prometheus.itili4.ru', 'value': {'client_max_body_size': '256M', 'proxy_read_timeout': '360', 'domains': ['prometheus.itili4.ru'], 'upstreams': [{'backend_address': '192.168.102.16', 'backend_port': 9090}], 'ssl': True, 'hsts_max_age': 63072000, 'letsencrypt': True, 'letsencrypt_email': 'beresnevia.it@gmail.com'}})
2022-08-02 10:34:02,593 p=102106 u=yolo n=ansible | changed: [rproxy.itili4.ru] => (item={'key': 'alertmanager.itili4.ru', 'value': {'client_max_body_size': '256M', 'proxy_read_timeout': '360', 'domains': ['alertmanager.itili4.ru'], 'upstreams': [{'backend_address': '192.168.102.16', 'backend_port': 9093}], 'ssl': True, 'hsts_max_age': 63072000, 'letsencrypt': True, 'letsencrypt_email': 'beresnevia.it@gmail.com'}})
2022-08-02 10:34:04,531 p=102106 u=yolo n=ansible | changed: [rproxy.itili4.ru] => (item={'key': 'gitlab.itili4.ru', 'value': {'client_max_body_size': '256M', 'proxy_read_timeout': '360', 'domains': ['gitlab.itili4.ru'], 'upstreams': [{'backend_address': '192.168.102.14', 'backend_port': 80}], 'ssl': True, 'hsts_max_age': 63072000, 'letsencrypt': True, 'letsencrypt_email': 'beresnevia.it@gmail.com'}})
2022-08-02 10:34:06,373 p=102106 u=yolo n=ansible | changed: [rproxy.itili4.ru] => (item={'key': 'wordpress.itili4.ru', 'value': {'client_max_body_size': '256M', 'proxy_read_timeout': '360', 'domains': ['wordpress.itili4.ru'], 'upstreams': [{'backend_address': 'wordpress.itili4.ru', 'backend_port': 80}], 'ssl': True, 'hsts_max_age': 63072000, 'letsencrypt': True, 'letsencrypt_email': 'beresnevia.it@gmail.com'}})
2022-08-02 10:34:06,387 p=102106 u=yolo n=ansible | TASK [install-nginx-revproxy : WebRoot Permissions Sites] **********************
2022-08-02 10:34:07,984 p=102106 u=yolo n=ansible | ok: [rproxy.itili4.ru] => (item={'key': 'itili4.ru', 'value': {'client_max_body_size': '256M', 'proxy_read_timeout': '360', 'domains': ['itili4.ru', 'www.itili4.ru'], 'upstreams': [{'backend_address': 'wordpress.itili4.ru', 'backend_port': 80}], 'ssl': True, 'hsts_max_age': 63072000, 'letsencrypt': True, 'letsencrypt_email': 'beresnevia.it@gmail.com'}})
2022-08-02 10:34:09,591 p=102106 u=yolo n=ansible | ok: [rproxy.itili4.ru] => (item={'key': 'grafana.itili4.ru', 'value': {'client_max_body_size': '256M', 'proxy_read_timeout': '360', 'domains': ['grafana.itili4.ru'], 'upstreams': [{'backend_address': '192.168.102.16', 'backend_port': 3000}], 'ssl': True, 'hsts_max_age': 63072000, 'letsencrypt': True, 'letsencrypt_email': 'beresnevia.it@gmail.com'}})
2022-08-02 10:34:11,982 p=102106 u=yolo n=ansible | ok: [rproxy.itili4.ru] => (item={'key': 'prometheus.itili4.ru', 'value': {'client_max_body_size': '256M', 'proxy_read_timeout': '360', 'domains': ['prometheus.itili4.ru'], 'upstreams': [{'backend_address': '192.168.102.16', 'backend_port': 9090}], 'ssl': True, 'hsts_max_age': 63072000, 'letsencrypt': True, 'letsencrypt_email': 'beresnevia.it@gmail.com'}})
2022-08-02 10:34:13,836 p=102106 u=yolo n=ansible | ok: [rproxy.itili4.ru] => (item={'key': 'alertmanager.itili4.ru', 'value': {'client_max_body_size': '256M', 'proxy_read_timeout': '360', 'domains': ['alertmanager.itili4.ru'], 'upstreams': [{'backend_address': '192.168.102.16', 'backend_port': 9093}], 'ssl': True, 'hsts_max_age': 63072000, 'letsencrypt': True, 'letsencrypt_email': 'beresnevia.it@gmail.com'}})
2022-08-02 10:34:15,226 p=102106 u=yolo n=ansible | ok: [rproxy.itili4.ru] => (item={'key': 'gitlab.itili4.ru', 'value': {'client_max_body_size': '256M', 'proxy_read_timeout': '360', 'domains': ['gitlab.itili4.ru'], 'upstreams': [{'backend_address': '192.168.102.14', 'backend_port': 80}], 'ssl': True, 'hsts_max_age': 63072000, 'letsencrypt': True, 'letsencrypt_email': 'beresnevia.it@gmail.com'}})
2022-08-02 10:34:16,368 p=102106 u=yolo n=ansible | ok: [rproxy.itili4.ru] => (item={'key': 'wordpress.itili4.ru', 'value': {'client_max_body_size': '256M', 'proxy_read_timeout': '360', 'domains': ['wordpress.itili4.ru'], 'upstreams': [{'backend_address': 'wordpress.itili4.ru', 'backend_port': 80}], 'ssl': True, 'hsts_max_age': 63072000, 'letsencrypt': True, 'letsencrypt_email': 'beresnevia.it@gmail.com'}})
2022-08-02 10:34:16,379 p=102106 u=yolo n=ansible | TASK [install-nginx-revproxy : Exucte task if letsencrypt var equal to "get".] ***
2022-08-02 10:34:16,391 p=102106 u=yolo n=ansible | skipping: [rproxy.itili4.ru]
2022-08-02 10:34:16,413 p=102106 u=yolo n=ansible | RUNNING HANDLER [install-nginx-revproxy : Reload Nginx] ************************
2022-08-02 10:34:18,673 p=102106 u=yolo n=ansible | changed: [rproxy.itili4.ru]
2022-08-02 10:34:18,684 p=102106 u=yolo n=ansible | PLAY RECAP *********************************************************************
2022-08-02 10:34:18,685 p=102106 u=yolo n=ansible | rproxy.itili4.ru           : ok=13   changed=10   unreachable=0    failed=0    skipped=2    rescued=0    ignored=0   
2022-08-02 17:48:27,783 p=429652 u=yolo n=ansible | ERROR! We were unable to read either as JSON nor YAML, these are the errors we got from each:
JSON: Expecting value: line 1 column 1 (char 0)

Syntax Error while loading YAML.
  but found another document

The error appears to be in '/home/yolo/PycharmProjects/diplom-netology/src/ansible/roles/install-wordpressexporter/tasks/main.yml': line 3, column 1, but may
be elsewhere in the file depending on the exact syntax problem.

The offending line appears to be:

# tasks file for install-wordpressexporter
---
^ here

2022-08-02 17:57:12,516 p=436010 u=yolo n=ansible | [WARNING]: Unable to parse /home/yolo/PycharmProjects/diplom-
netology/src/ansible/inventory as an inventory source

2022-08-02 17:57:12,516 p=436010 u=yolo n=ansible | [WARNING]: No inventory was parsed, only implicit localhost is available

2022-08-02 17:57:12,520 p=436010 u=yolo n=ansible | [WARNING]: provided hosts list is empty, only localhost is available. Note that
the implicit localhost does not match 'all'

2022-08-02 17:57:12,806 p=436010 u=yolo n=ansible | [WARNING]: Could not match supplied host pattern, ignoring: reversproxy

2022-08-02 17:57:12,807 p=436010 u=yolo n=ansible | PLAY [Reverse proxy and internet gateway] **************************************
2022-08-02 17:57:12,807 p=436010 u=yolo n=ansible | skipping: no hosts matched
2022-08-02 17:57:12,808 p=436010 u=yolo n=ansible | [WARNING]: Could not match supplied host pattern, ignoring: frontend

2022-08-02 17:57:12,808 p=436010 u=yolo n=ansible | PLAY [Setup Application server] ************************************************
2022-08-02 17:57:12,808 p=436010 u=yolo n=ansible | skipping: no hosts matched
2022-08-02 17:57:12,808 p=436010 u=yolo n=ansible | PLAY RECAP *********************************************************************
2022-08-02 20:15:30,883 p=17740 u=yolo n=ansible | PLAY [Reverse proxy and internet gateway] **************************************
2022-08-02 20:15:30,917 p=17740 u=yolo n=ansible | TASK [Gathering Facts] *********************************************************
2022-08-02 20:15:34,597 p=17740 u=yolo n=ansible | ok: [rproxy.itili4.ru]
2022-08-02 20:15:34,622 p=17740 u=yolo n=ansible | TASK [install-initpreroles : Copy SSH Private Key] *****************************
2022-08-02 20:15:37,269 p=17740 u=yolo n=ansible | changed: [rproxy.itili4.ru]
2022-08-02 20:15:37,280 p=17740 u=yolo n=ansible | TASK [install-initpreroles : Install addition packages. Only when addsoft var equal to "install". Add epel-release repo] ***
2022-08-02 20:15:58,980 p=17740 u=yolo n=ansible | changed: [rproxy.itili4.ru]
2022-08-02 20:15:58,991 p=17740 u=yolo n=ansible | TASK [install-initpreroles : Install git] **************************************
2022-08-02 20:15:59,003 p=17740 u=yolo n=ansible | skipping: [rproxy.itili4.ru]
2022-08-02 20:15:59,023 p=17740 u=yolo n=ansible | TASK [install-node-exporter : Check current node_exporter version.] ************
2022-08-02 20:16:00,293 p=17740 u=yolo n=ansible | ok: [rproxy.itili4.ru]
2022-08-02 20:16:00,307 p=17740 u=yolo n=ansible | TASK [install-node-exporter : Download and unarchive node_exporter into temporary location.] ***
2022-08-02 20:16:03,990 p=17740 u=yolo n=ansible | changed: [rproxy.itili4.ru]
2022-08-02 20:16:03,998 p=17740 u=yolo n=ansible | TASK [install-node-exporter : Move node_exporter binary into place.] ***********
2022-08-02 20:16:05,312 p=17740 u=yolo n=ansible | changed: [rproxy.itili4.ru]
2022-08-02 20:16:05,319 p=17740 u=yolo n=ansible | TASK [install-node-exporter : Create node_exporter user.] **********************
2022-08-02 20:16:06,814 p=17740 u=yolo n=ansible | changed: [rproxy.itili4.ru]
2022-08-02 20:16:06,827 p=17740 u=yolo n=ansible | TASK [install-node-exporter : Copy the node_exporter systemd unit file.] *******
2022-08-02 20:16:09,100 p=17740 u=yolo n=ansible | changed: [rproxy.itili4.ru]
2022-08-02 20:16:09,108 p=17740 u=yolo n=ansible | TASK [install-node-exporter : Reload systemd daemon if unit file is changed.] ***
2022-08-02 20:16:10,675 p=17740 u=yolo n=ansible | ok: [rproxy.itili4.ru]
2022-08-02 20:16:10,688 p=17740 u=yolo n=ansible | TASK [install-node-exporter : Ensure node_exporter is running and enabled at boot.] ***
2022-08-02 20:16:12,177 p=17740 u=yolo n=ansible | changed: [rproxy.itili4.ru]
2022-08-02 20:16:12,190 p=17740 u=yolo n=ansible | TASK [install-node-exporter : Verify node_exporter is responding to requests.] ***
2022-08-02 20:16:13,504 p=17740 u=yolo n=ansible | ok: [rproxy.itili4.ru]
2022-08-02 20:16:13,519 p=17740 u=yolo n=ansible | TASK [install-privoxy : Add epel-release repo] *********************************
2022-08-02 20:16:14,928 p=17740 u=yolo n=ansible | ok: [rproxy.itili4.ru]
2022-08-02 20:16:14,935 p=17740 u=yolo n=ansible | TASK [install-privoxy : Install privoxy] ***************************************
2022-08-02 20:16:40,647 p=17740 u=yolo n=ansible | changed: [rproxy.itili4.ru]
2022-08-02 20:16:40,657 p=17740 u=yolo n=ansible | TASK [install-privoxy : Copy config file] **************************************
2022-08-02 20:16:43,209 p=17740 u=yolo n=ansible | changed: [rproxy.itili4.ru]
2022-08-02 20:16:43,219 p=17740 u=yolo n=ansible | TASK [install-privoxy : Enable service privoxy and ensure it is not masked] ****
2022-08-02 20:16:44,624 p=17740 u=yolo n=ansible | changed: [rproxy.itili4.ru]
2022-08-02 20:16:44,631 p=17740 u=yolo n=ansible | TASK [install-privoxy : Start privoxy] *****************************************
2022-08-02 20:16:47,049 p=17740 u=yolo n=ansible | changed: [rproxy.itili4.ru]
2022-08-02 20:16:47,062 p=17740 u=yolo n=ansible | TASK [install-nginx-revproxy : Selinux to permissive mode] *********************
2022-08-02 20:16:48,559 p=17740 u=yolo n=ansible | changed: [rproxy.itili4.ru]
2022-08-02 20:16:48,576 p=17740 u=yolo n=ansible | TASK [install-nginx-revproxy : Reboot machine and wait 60 sec] *****************
2022-08-02 20:17:29,130 p=17740 u=yolo n=ansible | changed: [rproxy.itili4.ru]
2022-08-02 20:17:29,138 p=17740 u=yolo n=ansible | TASK [install-nginx-revproxy : Add epel-release repo] **************************
2022-08-02 20:17:31,746 p=17740 u=yolo n=ansible | ok: [rproxy.itili4.ru]
2022-08-02 20:17:31,759 p=17740 u=yolo n=ansible | TASK [install-nginx-revproxy : Install Nginx] **********************************
2022-08-02 20:18:05,054 p=17740 u=yolo n=ansible | changed: [rproxy.itili4.ru]
2022-08-02 20:18:05,062 p=17740 u=yolo n=ansible | TASK [install-nginx-revproxy : Enable service nginx and ensure it is not masked] ***
2022-08-02 20:18:06,662 p=17740 u=yolo n=ansible | changed: [rproxy.itili4.ru]
2022-08-02 20:18:06,670 p=17740 u=yolo n=ansible | TASK [install-nginx-revproxy : Set up nginx directories] ***********************
2022-08-02 20:18:07,943 p=17740 u=yolo n=ansible | changed: [rproxy.itili4.ru] => (item=sites-available)
2022-08-02 20:18:09,035 p=17740 u=yolo n=ansible | changed: [rproxy.itili4.ru] => (item=sites-enabled)
2022-08-02 20:18:09,044 p=17740 u=yolo n=ansible | TASK [install-nginx-revproxy : Add Site Config] ********************************
2022-08-02 20:18:11,682 p=17740 u=yolo n=ansible | changed: [rproxy.itili4.ru] => (item={'key': 'itili4.ru', 'value': {'client_max_body_size': '256M', 'proxy_read_timeout': '360', 'domains': ['itili4.ru', 'www.itili4.ru'], 'upstreams': [{'backend_address': 'wordpress.itili4.ru', 'backend_port': 80}], 'ssl': True, 'hsts_max_age': 63072000, 'letsencrypt': True, 'letsencrypt_email': 'beresnevia.it@gmail.com'}})
2022-08-02 20:18:14,139 p=17740 u=yolo n=ansible | changed: [rproxy.itili4.ru] => (item={'key': 'grafana.itili4.ru', 'value': {'client_max_body_size': '256M', 'proxy_read_timeout': '360', 'domains': ['grafana.itili4.ru'], 'upstreams': [{'backend_address': '192.168.102.16', 'backend_port': 3000}], 'ssl': True, 'hsts_max_age': 63072000, 'letsencrypt': True, 'letsencrypt_email': 'beresnevia.it@gmail.com'}})
2022-08-02 20:18:16,625 p=17740 u=yolo n=ansible | changed: [rproxy.itili4.ru] => (item={'key': 'prometheus.itili4.ru', 'value': {'client_max_body_size': '256M', 'proxy_read_timeout': '360', 'domains': ['prometheus.itili4.ru'], 'upstreams': [{'backend_address': '192.168.102.16', 'backend_port': 9090}], 'ssl': True, 'hsts_max_age': 63072000, 'letsencrypt': True, 'letsencrypt_email': 'beresnevia.it@gmail.com'}})
2022-08-02 20:18:19,161 p=17740 u=yolo n=ansible | changed: [rproxy.itili4.ru] => (item={'key': 'alertmanager.itili4.ru', 'value': {'client_max_body_size': '256M', 'proxy_read_timeout': '360', 'domains': ['alertmanager.itili4.ru'], 'upstreams': [{'backend_address': '192.168.102.16', 'backend_port': 9093}], 'ssl': True, 'hsts_max_age': 63072000, 'letsencrypt': True, 'letsencrypt_email': 'beresnevia.it@gmail.com'}})
2022-08-02 20:18:21,661 p=17740 u=yolo n=ansible | changed: [rproxy.itili4.ru] => (item={'key': 'gitlab.itili4.ru', 'value': {'client_max_body_size': '256M', 'proxy_read_timeout': '360', 'domains': ['gitlab.itili4.ru'], 'upstreams': [{'backend_address': '192.168.102.14', 'backend_port': 80}], 'ssl': True, 'hsts_max_age': 63072000, 'letsencrypt': True, 'letsencrypt_email': 'beresnevia.it@gmail.com'}})
2022-08-02 20:18:24,179 p=17740 u=yolo n=ansible | changed: [rproxy.itili4.ru] => (item={'key': 'wordpress.itili4.ru', 'value': {'client_max_body_size': '256M', 'proxy_read_timeout': '360', 'domains': ['wordpress.itili4.ru'], 'upstreams': [{'backend_address': 'wordpress.itili4.ru', 'backend_port': 80}], 'ssl': True, 'hsts_max_age': 63072000, 'letsencrypt': True, 'letsencrypt_email': 'beresnevia.it@gmail.com'}})
2022-08-02 20:18:24,189 p=17740 u=yolo n=ansible | TASK [install-nginx-revproxy : Create WebRoot sites] ***************************
2022-08-02 20:18:25,404 p=17740 u=yolo n=ansible | changed: [rproxy.itili4.ru] => (item={'key': 'itili4.ru', 'value': {'client_max_body_size': '256M', 'proxy_read_timeout': '360', 'domains': ['itili4.ru', 'www.itili4.ru'], 'upstreams': [{'backend_address': 'wordpress.itili4.ru', 'backend_port': 80}], 'ssl': True, 'hsts_max_age': 63072000, 'letsencrypt': True, 'letsencrypt_email': 'beresnevia.it@gmail.com'}})
2022-08-02 20:18:26,539 p=17740 u=yolo n=ansible | changed: [rproxy.itili4.ru] => (item={'key': 'grafana.itili4.ru', 'value': {'client_max_body_size': '256M', 'proxy_read_timeout': '360', 'domains': ['grafana.itili4.ru'], 'upstreams': [{'backend_address': '192.168.102.16', 'backend_port': 3000}], 'ssl': True, 'hsts_max_age': 63072000, 'letsencrypt': True, 'letsencrypt_email': 'beresnevia.it@gmail.com'}})
2022-08-02 20:18:27,893 p=17740 u=yolo n=ansible | changed: [rproxy.itili4.ru] => (item={'key': 'prometheus.itili4.ru', 'value': {'client_max_body_size': '256M', 'proxy_read_timeout': '360', 'domains': ['prometheus.itili4.ru'], 'upstreams': [{'backend_address': '192.168.102.16', 'backend_port': 9090}], 'ssl': True, 'hsts_max_age': 63072000, 'letsencrypt': True, 'letsencrypt_email': 'beresnevia.it@gmail.com'}})
2022-08-02 20:18:29,157 p=17740 u=yolo n=ansible | changed: [rproxy.itili4.ru] => (item={'key': 'alertmanager.itili4.ru', 'value': {'client_max_body_size': '256M', 'proxy_read_timeout': '360', 'domains': ['alertmanager.itili4.ru'], 'upstreams': [{'backend_address': '192.168.102.16', 'backend_port': 9093}], 'ssl': True, 'hsts_max_age': 63072000, 'letsencrypt': True, 'letsencrypt_email': 'beresnevia.it@gmail.com'}})
2022-08-02 20:18:30,419 p=17740 u=yolo n=ansible | changed: [rproxy.itili4.ru] => (item={'key': 'gitlab.itili4.ru', 'value': {'client_max_body_size': '256M', 'proxy_read_timeout': '360', 'domains': ['gitlab.itili4.ru'], 'upstreams': [{'backend_address': '192.168.102.14', 'backend_port': 80}], 'ssl': True, 'hsts_max_age': 63072000, 'letsencrypt': True, 'letsencrypt_email': 'beresnevia.it@gmail.com'}})
2022-08-02 20:18:31,652 p=17740 u=yolo n=ansible | changed: [rproxy.itili4.ru] => (item={'key': 'wordpress.itili4.ru', 'value': {'client_max_body_size': '256M', 'proxy_read_timeout': '360', 'domains': ['wordpress.itili4.ru'], 'upstreams': [{'backend_address': 'wordpress.itili4.ru', 'backend_port': 80}], 'ssl': True, 'hsts_max_age': 63072000, 'letsencrypt': True, 'letsencrypt_email': 'beresnevia.it@gmail.com'}})
2022-08-02 20:18:31,661 p=17740 u=yolo n=ansible | TASK [install-nginx-revproxy : WebRoot Permissions Sites] **********************
2022-08-02 20:18:32,944 p=17740 u=yolo n=ansible | ok: [rproxy.itili4.ru] => (item={'key': 'itili4.ru', 'value': {'client_max_body_size': '256M', 'proxy_read_timeout': '360', 'domains': ['itili4.ru', 'www.itili4.ru'], 'upstreams': [{'backend_address': 'wordpress.itili4.ru', 'backend_port': 80}], 'ssl': True, 'hsts_max_age': 63072000, 'letsencrypt': True, 'letsencrypt_email': 'beresnevia.it@gmail.com'}})
2022-08-02 20:18:34,129 p=17740 u=yolo n=ansible | ok: [rproxy.itili4.ru] => (item={'key': 'grafana.itili4.ru', 'value': {'client_max_body_size': '256M', 'proxy_read_timeout': '360', 'domains': ['grafana.itili4.ru'], 'upstreams': [{'backend_address': '192.168.102.16', 'backend_port': 3000}], 'ssl': True, 'hsts_max_age': 63072000, 'letsencrypt': True, 'letsencrypt_email': 'beresnevia.it@gmail.com'}})
2022-08-02 20:18:35,351 p=17740 u=yolo n=ansible | ok: [rproxy.itili4.ru] => (item={'key': 'prometheus.itili4.ru', 'value': {'client_max_body_size': '256M', 'proxy_read_timeout': '360', 'domains': ['prometheus.itili4.ru'], 'upstreams': [{'backend_address': '192.168.102.16', 'backend_port': 9090}], 'ssl': True, 'hsts_max_age': 63072000, 'letsencrypt': True, 'letsencrypt_email': 'beresnevia.it@gmail.com'}})
2022-08-02 20:18:36,690 p=17740 u=yolo n=ansible | ok: [rproxy.itili4.ru] => (item={'key': 'alertmanager.itili4.ru', 'value': {'client_max_body_size': '256M', 'proxy_read_timeout': '360', 'domains': ['alertmanager.itili4.ru'], 'upstreams': [{'backend_address': '192.168.102.16', 'backend_port': 9093}], 'ssl': True, 'hsts_max_age': 63072000, 'letsencrypt': True, 'letsencrypt_email': 'beresnevia.it@gmail.com'}})
2022-08-02 20:18:37,897 p=17740 u=yolo n=ansible | ok: [rproxy.itili4.ru] => (item={'key': 'gitlab.itili4.ru', 'value': {'client_max_body_size': '256M', 'proxy_read_timeout': '360', 'domains': ['gitlab.itili4.ru'], 'upstreams': [{'backend_address': '192.168.102.14', 'backend_port': 80}], 'ssl': True, 'hsts_max_age': 63072000, 'letsencrypt': True, 'letsencrypt_email': 'beresnevia.it@gmail.com'}})
2022-08-02 20:18:39,068 p=17740 u=yolo n=ansible | ok: [rproxy.itili4.ru] => (item={'key': 'wordpress.itili4.ru', 'value': {'client_max_body_size': '256M', 'proxy_read_timeout': '360', 'domains': ['wordpress.itili4.ru'], 'upstreams': [{'backend_address': 'wordpress.itili4.ru', 'backend_port': 80}], 'ssl': True, 'hsts_max_age': 63072000, 'letsencrypt': True, 'letsencrypt_email': 'beresnevia.it@gmail.com'}})
2022-08-02 20:18:39,077 p=17740 u=yolo n=ansible | TASK [install-nginx-revproxy : Exucte task if letsencrypt var equal to "get".] ***
2022-08-02 20:18:39,099 p=17740 u=yolo n=ansible | included: /home/yolo/PycharmProjects/diplom-netology/src/ansible/roles/install-nginx-revproxy/tasks/letsencrypt.yml for rproxy.itili4.ru
2022-08-02 20:18:39,107 p=17740 u=yolo n=ansible | TASK [install-nginx-revproxy : Install certbot-auto] ***************************
2022-08-02 20:18:39,117 p=17740 u=yolo n=ansible | skipping: [rproxy.itili4.ru]
2022-08-02 20:18:39,125 p=17740 u=yolo n=ansible | TASK [install-nginx-revproxy : Install certbot from repository] ****************
2022-08-02 20:19:07,426 p=17740 u=yolo n=ansible | changed: [rproxy.itili4.ru]
2022-08-02 20:19:07,434 p=17740 u=yolo n=ansible | TASK [install-nginx-revproxy : Reload Nginx] ***********************************
2022-08-02 20:19:09,161 p=17740 u=yolo n=ansible | changed: [rproxy.itili4.ru]
2022-08-02 20:19:09,169 p=17740 u=yolo n=ansible | TASK [install-nginx-revproxy : Get Active Sites] *******************************
2022-08-02 20:19:10,429 p=17740 u=yolo n=ansible | changed: [rproxy.itili4.ru]
2022-08-02 20:19:10,436 p=17740 u=yolo n=ansible | TASK [install-nginx-revproxy : Generate certs (first time)] ********************
2022-08-02 20:19:17,963 p=17740 u=yolo n=ansible | changed: [rproxy.itili4.ru] => (item={'key': 'itili4.ru', 'value': {'client_max_body_size': '256M', 'proxy_read_timeout': '360', 'domains': ['itili4.ru', 'www.itili4.ru'], 'upstreams': [{'backend_address': 'wordpress.itili4.ru', 'backend_port': 80}], 'ssl': True, 'hsts_max_age': 63072000, 'letsencrypt': True, 'letsencrypt_email': 'beresnevia.it@gmail.com'}})
2022-08-02 20:19:24,618 p=17740 u=yolo n=ansible | changed: [rproxy.itili4.ru] => (item={'key': 'grafana.itili4.ru', 'value': {'client_max_body_size': '256M', 'proxy_read_timeout': '360', 'domains': ['grafana.itili4.ru'], 'upstreams': [{'backend_address': '192.168.102.16', 'backend_port': 3000}], 'ssl': True, 'hsts_max_age': 63072000, 'letsencrypt': True, 'letsencrypt_email': 'beresnevia.it@gmail.com'}})
2022-08-02 20:19:32,688 p=17740 u=yolo n=ansible | changed: [rproxy.itili4.ru] => (item={'key': 'prometheus.itili4.ru', 'value': {'client_max_body_size': '256M', 'proxy_read_timeout': '360', 'domains': ['prometheus.itili4.ru'], 'upstreams': [{'backend_address': '192.168.102.16', 'backend_port': 9090}], 'ssl': True, 'hsts_max_age': 63072000, 'letsencrypt': True, 'letsencrypt_email': 'beresnevia.it@gmail.com'}})
2022-08-02 20:19:42,121 p=17740 u=yolo n=ansible | changed: [rproxy.itili4.ru] => (item={'key': 'alertmanager.itili4.ru', 'value': {'client_max_body_size': '256M', 'proxy_read_timeout': '360', 'domains': ['alertmanager.itili4.ru'], 'upstreams': [{'backend_address': '192.168.102.16', 'backend_port': 9093}], 'ssl': True, 'hsts_max_age': 63072000, 'letsencrypt': True, 'letsencrypt_email': 'beresnevia.it@gmail.com'}})
2022-08-02 20:19:48,893 p=17740 u=yolo n=ansible | changed: [rproxy.itili4.ru] => (item={'key': 'gitlab.itili4.ru', 'value': {'client_max_body_size': '256M', 'proxy_read_timeout': '360', 'domains': ['gitlab.itili4.ru'], 'upstreams': [{'backend_address': '192.168.102.14', 'backend_port': 80}], 'ssl': True, 'hsts_max_age': 63072000, 'letsencrypt': True, 'letsencrypt_email': 'beresnevia.it@gmail.com'}})
2022-08-02 20:19:54,877 p=17740 u=yolo n=ansible | changed: [rproxy.itili4.ru] => (item={'key': 'wordpress.itili4.ru', 'value': {'client_max_body_size': '256M', 'proxy_read_timeout': '360', 'domains': ['wordpress.itili4.ru'], 'upstreams': [{'backend_address': 'wordpress.itili4.ru', 'backend_port': 80}], 'ssl': True, 'hsts_max_age': 63072000, 'letsencrypt': True, 'letsencrypt_email': 'beresnevia.it@gmail.com'}})
2022-08-02 20:19:54,885 p=17740 u=yolo n=ansible | TASK [install-nginx-revproxy : Update Site Config] *****************************
2022-08-02 20:19:57,878 p=17740 u=yolo n=ansible | changed: [rproxy.itili4.ru] => (item={'key': 'itili4.ru', 'value': {'client_max_body_size': '256M', 'proxy_read_timeout': '360', 'domains': ['itili4.ru', 'www.itili4.ru'], 'upstreams': [{'backend_address': 'wordpress.itili4.ru', 'backend_port': 80}], 'ssl': True, 'hsts_max_age': 63072000, 'letsencrypt': True, 'letsencrypt_email': 'beresnevia.it@gmail.com'}})
2022-08-02 20:20:00,451 p=17740 u=yolo n=ansible | changed: [rproxy.itili4.ru] => (item={'key': 'grafana.itili4.ru', 'value': {'client_max_body_size': '256M', 'proxy_read_timeout': '360', 'domains': ['grafana.itili4.ru'], 'upstreams': [{'backend_address': '192.168.102.16', 'backend_port': 3000}], 'ssl': True, 'hsts_max_age': 63072000, 'letsencrypt': True, 'letsencrypt_email': 'beresnevia.it@gmail.com'}})
2022-08-02 20:20:03,094 p=17740 u=yolo n=ansible | changed: [rproxy.itili4.ru] => (item={'key': 'prometheus.itili4.ru', 'value': {'client_max_body_size': '256M', 'proxy_read_timeout': '360', 'domains': ['prometheus.itili4.ru'], 'upstreams': [{'backend_address': '192.168.102.16', 'backend_port': 9090}], 'ssl': True, 'hsts_max_age': 63072000, 'letsencrypt': True, 'letsencrypt_email': 'beresnevia.it@gmail.com'}})
2022-08-02 20:20:05,653 p=17740 u=yolo n=ansible | changed: [rproxy.itili4.ru] => (item={'key': 'alertmanager.itili4.ru', 'value': {'client_max_body_size': '256M', 'proxy_read_timeout': '360', 'domains': ['alertmanager.itili4.ru'], 'upstreams': [{'backend_address': '192.168.102.16', 'backend_port': 9093}], 'ssl': True, 'hsts_max_age': 63072000, 'letsencrypt': True, 'letsencrypt_email': 'beresnevia.it@gmail.com'}})
2022-08-02 20:20:08,846 p=17740 u=yolo n=ansible | changed: [rproxy.itili4.ru] => (item={'key': 'gitlab.itili4.ru', 'value': {'client_max_body_size': '256M', 'proxy_read_timeout': '360', 'domains': ['gitlab.itili4.ru'], 'upstreams': [{'backend_address': '192.168.102.14', 'backend_port': 80}], 'ssl': True, 'hsts_max_age': 63072000, 'letsencrypt': True, 'letsencrypt_email': 'beresnevia.it@gmail.com'}})
2022-08-02 20:20:11,435 p=17740 u=yolo n=ansible | changed: [rproxy.itili4.ru] => (item={'key': 'wordpress.itili4.ru', 'value': {'client_max_body_size': '256M', 'proxy_read_timeout': '360', 'domains': ['wordpress.itili4.ru'], 'upstreams': [{'backend_address': 'wordpress.itili4.ru', 'backend_port': 80}], 'ssl': True, 'hsts_max_age': 63072000, 'letsencrypt': True, 'letsencrypt_email': 'beresnevia.it@gmail.com'}})
2022-08-02 20:20:11,445 p=17740 u=yolo n=ansible | TASK [install-nginx-revproxy : Insert cert-bot renew in crontab] ***************
2022-08-02 20:20:12,836 p=17740 u=yolo n=ansible | changed: [rproxy.itili4.ru]
2022-08-02 20:20:12,851 p=17740 u=yolo n=ansible | RUNNING HANDLER [install-node-exporter : restart node_exporter] ****************
2022-08-02 20:20:14,378 p=17740 u=yolo n=ansible | changed: [rproxy.itili4.ru]
2022-08-02 20:20:14,378 p=17740 u=yolo n=ansible | RUNNING HANDLER [install-nginx-revproxy : Reload Nginx] ************************
2022-08-02 20:20:16,384 p=17740 u=yolo n=ansible | changed: [rproxy.itili4.ru]
2022-08-02 20:20:16,400 p=17740 u=yolo n=ansible | PLAY [Install DBHA frontend] ***************************************************
2022-08-02 20:20:16,414 p=17740 u=yolo n=ansible | TASK [Gathering Facts] *********************************************************
2022-08-02 20:20:20,632 p=17740 u=yolo n=ansible | ok: [dbha.itili4.ru]
2022-08-02 20:20:20,648 p=17740 u=yolo n=ansible | TASK [install-node-exporter : Check current node_exporter version.] ************
2022-08-02 20:20:22,156 p=17740 u=yolo n=ansible | ok: [dbha.itili4.ru]
2022-08-02 20:20:22,164 p=17740 u=yolo n=ansible | TASK [install-node-exporter : Download and unarchive node_exporter into temporary location.] ***
2022-08-02 20:20:26,540 p=17740 u=yolo n=ansible | changed: [dbha.itili4.ru]
2022-08-02 20:20:26,548 p=17740 u=yolo n=ansible | TASK [install-node-exporter : Move node_exporter binary into place.] ***********
2022-08-02 20:20:28,204 p=17740 u=yolo n=ansible | changed: [dbha.itili4.ru]
2022-08-02 20:20:28,212 p=17740 u=yolo n=ansible | TASK [install-node-exporter : Create node_exporter user.] **********************
2022-08-02 20:20:29,860 p=17740 u=yolo n=ansible | changed: [dbha.itili4.ru]
2022-08-02 20:20:29,867 p=17740 u=yolo n=ansible | TASK [install-node-exporter : Copy the node_exporter systemd unit file.] *******
2022-08-02 20:20:32,747 p=17740 u=yolo n=ansible | changed: [dbha.itili4.ru]
2022-08-02 20:20:32,755 p=17740 u=yolo n=ansible | TASK [install-node-exporter : Reload systemd daemon if unit file is changed.] ***
2022-08-02 20:20:34,425 p=17740 u=yolo n=ansible | ok: [dbha.itili4.ru]
2022-08-02 20:20:34,432 p=17740 u=yolo n=ansible | TASK [install-node-exporter : Ensure node_exporter is running and enabled at boot.] ***
2022-08-02 20:20:36,145 p=17740 u=yolo n=ansible | changed: [dbha.itili4.ru]
2022-08-02 20:20:36,152 p=17740 u=yolo n=ansible | TASK [install-node-exporter : Verify node_exporter is responding to requests.] ***
2022-08-02 20:20:37,712 p=17740 u=yolo n=ansible | ok: [dbha.itili4.ru]
2022-08-02 20:20:37,728 p=17740 u=yolo n=ansible | TASK [install-nginx-tcpproxy : Install Nginx] **********************************
2022-08-02 20:20:37,747 p=17740 u=yolo n=ansible | included: /home/yolo/PycharmProjects/diplom-netology/src/ansible/roles/install-nginx-tcpproxy/tasks/install.yml for dbha.itili4.ru
2022-08-02 20:20:37,755 p=17740 u=yolo n=ansible | TASK [install-nginx-tcpproxy : Selinux to permissive mode] *********************
2022-08-02 20:20:39,340 p=17740 u=yolo n=ansible | changed: [dbha.itili4.ru]
2022-08-02 20:20:39,348 p=17740 u=yolo n=ansible | TASK [install-nginx-tcpproxy : Reboot machine and wait 60 sec] *****************
2022-08-02 20:21:20,980 p=17740 u=yolo n=ansible | changed: [dbha.itili4.ru]
2022-08-02 20:21:20,987 p=17740 u=yolo n=ansible | TASK [install-nginx-tcpproxy : Add epel-release repo] **************************
2022-08-02 20:21:47,382 p=17740 u=yolo n=ansible | changed: [dbha.itili4.ru]
2022-08-02 20:21:47,389 p=17740 u=yolo n=ansible | TASK [install-nginx-tcpproxy : Install Nginx] **********************************
2022-08-02 20:22:27,723 p=17740 u=yolo n=ansible | changed: [dbha.itili4.ru]
2022-08-02 20:22:27,730 p=17740 u=yolo n=ansible | TASK [install-nginx-tcpproxy : Enable service nginx and ensure it is not masked] ***
2022-08-02 20:22:30,040 p=17740 u=yolo n=ansible | changed: [dbha.itili4.ru]
2022-08-02 20:22:30,048 p=17740 u=yolo n=ansible | TASK [install-nginx-tcpproxy : Configure Nginx tcpproxy] ***********************
2022-08-02 20:22:30,064 p=17740 u=yolo n=ansible | included: /home/yolo/PycharmProjects/diplom-netology/src/ansible/roles/install-nginx-tcpproxy/tasks/configure.yml for dbha.itili4.ru
2022-08-02 20:22:30,073 p=17740 u=yolo n=ansible | TASK [install-nginx-tcpproxy : Replace config] *********************************
2022-08-02 20:22:33,425 p=17740 u=yolo n=ansible | changed: [dbha.itili4.ru]
2022-08-02 20:22:33,434 p=17740 u=yolo n=ansible | TASK [install-nginx-tcpproxy : Restart service nginx] **************************
2022-08-02 20:22:35,389 p=17740 u=yolo n=ansible | changed: [dbha.itili4.ru]
2022-08-02 20:22:35,413 p=17740 u=yolo n=ansible | RUNNING HANDLER [install-node-exporter : restart node_exporter] ****************
2022-08-02 20:22:39,152 p=17740 u=yolo n=ansible | changed: [dbha.itili4.ru]
2022-08-02 20:22:39,161 p=17740 u=yolo n=ansible | PLAY [Install MySQL Cluster] ***************************************************
2022-08-02 20:22:39,170 p=17740 u=yolo n=ansible | TASK [Gathering Facts] *********************************************************
2022-08-02 20:22:43,372 p=17740 u=yolo n=ansible | ok: [db02.itili4.ru]
2022-08-02 20:22:48,177 p=17740 u=yolo n=ansible | ok: [db01.itili4.ru]
2022-08-02 20:22:48,191 p=17740 u=yolo n=ansible | TASK [install-node-exporter : Check current node_exporter version.] ************
2022-08-02 20:22:49,949 p=17740 u=yolo n=ansible | ok: [db01.itili4.ru]
2022-08-02 20:22:50,052 p=17740 u=yolo n=ansible | ok: [db02.itili4.ru]
2022-08-02 20:22:50,064 p=17740 u=yolo n=ansible | TASK [install-node-exporter : Download and unarchive node_exporter into temporary location.] ***
2022-08-02 20:22:53,752 p=17740 u=yolo n=ansible | changed: [db02.itili4.ru]
2022-08-02 20:22:54,030 p=17740 u=yolo n=ansible | changed: [db01.itili4.ru]
2022-08-02 20:22:54,037 p=17740 u=yolo n=ansible | TASK [install-node-exporter : Move node_exporter binary into place.] ***********
2022-08-02 20:22:55,592 p=17740 u=yolo n=ansible | changed: [db01.itili4.ru]
2022-08-02 20:22:55,683 p=17740 u=yolo n=ansible | changed: [db02.itili4.ru]
2022-08-02 20:22:55,690 p=17740 u=yolo n=ansible | TASK [install-node-exporter : Create node_exporter user.] **********************
2022-08-02 20:22:57,380 p=17740 u=yolo n=ansible | changed: [db01.itili4.ru]
2022-08-02 20:22:57,399 p=17740 u=yolo n=ansible | changed: [db02.itili4.ru]
2022-08-02 20:22:57,407 p=17740 u=yolo n=ansible | TASK [install-node-exporter : Copy the node_exporter systemd unit file.] *******
2022-08-02 20:23:00,383 p=17740 u=yolo n=ansible | changed: [db02.itili4.ru]
2022-08-02 20:23:00,385 p=17740 u=yolo n=ansible | changed: [db01.itili4.ru]
2022-08-02 20:23:00,392 p=17740 u=yolo n=ansible | TASK [install-node-exporter : Reload systemd daemon if unit file is changed.] ***
2022-08-02 20:23:02,267 p=17740 u=yolo n=ansible | ok: [db02.itili4.ru]
2022-08-02 20:23:02,304 p=17740 u=yolo n=ansible | ok: [db01.itili4.ru]
2022-08-02 20:23:02,316 p=17740 u=yolo n=ansible | TASK [install-node-exporter : Ensure node_exporter is running and enabled at boot.] ***
2022-08-02 20:23:04,249 p=17740 u=yolo n=ansible | changed: [db01.itili4.ru]
2022-08-02 20:23:06,103 p=17740 u=yolo n=ansible | changed: [db02.itili4.ru]
2022-08-02 20:23:06,111 p=17740 u=yolo n=ansible | TASK [install-node-exporter : Verify node_exporter is responding to requests.] ***
2022-08-02 20:23:07,716 p=17740 u=yolo n=ansible | ok: [db01.itili4.ru]
2022-08-02 20:23:07,781 p=17740 u=yolo n=ansible | ok: [db02.itili4.ru]
2022-08-02 20:23:07,805 p=17740 u=yolo n=ansible | TASK [install-mysql-service : include_tasks] ***********************************
2022-08-02 20:23:07,840 p=17740 u=yolo n=ansible | included: /home/yolo/PycharmProjects/diplom-netology/src/ansible/roles/install-mysql-service/tasks/variables.yml for db01.itili4.ru, db02.itili4.ru
2022-08-02 20:23:07,856 p=17740 u=yolo n=ansible | TASK [install-mysql-service : Include OS-specific variables.] ******************
2022-08-02 20:23:07,883 p=17740 u=yolo n=ansible | ok: [db01.itili4.ru] => (item=/home/yolo/PycharmProjects/diplom-netology/src/ansible/roles/install-mysql-service/vars/RedHat-7.yml)
2022-08-02 20:23:07,902 p=17740 u=yolo n=ansible | ok: [db02.itili4.ru] => (item=/home/yolo/PycharmProjects/diplom-netology/src/ansible/roles/install-mysql-service/vars/RedHat-7.yml)
2022-08-02 20:23:07,911 p=17740 u=yolo n=ansible | TASK [install-mysql-service : Define mysql_packages.] **************************
2022-08-02 20:23:07,960 p=17740 u=yolo n=ansible | ok: [db01.itili4.ru]
2022-08-02 20:23:07,979 p=17740 u=yolo n=ansible | ok: [db02.itili4.ru]
2022-08-02 20:23:07,987 p=17740 u=yolo n=ansible | TASK [install-mysql-service : Define mysql_daemon.] ****************************
2022-08-02 20:23:08,018 p=17740 u=yolo n=ansible | ok: [db01.itili4.ru]
2022-08-02 20:23:08,027 p=17740 u=yolo n=ansible | ok: [db02.itili4.ru]
2022-08-02 20:23:08,035 p=17740 u=yolo n=ansible | TASK [install-mysql-service : Define mysql_slow_query_log_file.] ***************
2022-08-02 20:23:08,065 p=17740 u=yolo n=ansible | ok: [db01.itili4.ru]
2022-08-02 20:23:08,077 p=17740 u=yolo n=ansible | ok: [db02.itili4.ru]
2022-08-02 20:23:08,086 p=17740 u=yolo n=ansible | TASK [install-mysql-service : Define mysql_log_error.] *************************
2022-08-02 20:23:08,119 p=17740 u=yolo n=ansible | ok: [db01.itili4.ru]
2022-08-02 20:23:08,130 p=17740 u=yolo n=ansible | ok: [db02.itili4.ru]
2022-08-02 20:23:08,140 p=17740 u=yolo n=ansible | TASK [install-mysql-service : Define mysql_syslog_tag.] ************************
2022-08-02 20:23:08,170 p=17740 u=yolo n=ansible | ok: [db01.itili4.ru]
2022-08-02 20:23:08,181 p=17740 u=yolo n=ansible | ok: [db02.itili4.ru]
2022-08-02 20:23:08,191 p=17740 u=yolo n=ansible | TASK [install-mysql-service : Define mysql_pid_file.] **************************
2022-08-02 20:23:08,222 p=17740 u=yolo n=ansible | ok: [db01.itili4.ru]
2022-08-02 20:23:08,234 p=17740 u=yolo n=ansible | ok: [db02.itili4.ru]
2022-08-02 20:23:08,243 p=17740 u=yolo n=ansible | TASK [install-mysql-service : Define mysql_config_file.] ***********************
2022-08-02 20:23:08,274 p=17740 u=yolo n=ansible | ok: [db01.itili4.ru]
2022-08-02 20:23:08,285 p=17740 u=yolo n=ansible | ok: [db02.itili4.ru]
2022-08-02 20:23:08,295 p=17740 u=yolo n=ansible | TASK [install-mysql-service : Define mysql_config_include_dir.] ****************
2022-08-02 20:23:08,326 p=17740 u=yolo n=ansible | ok: [db01.itili4.ru]
2022-08-02 20:23:08,339 p=17740 u=yolo n=ansible | ok: [db02.itili4.ru]
2022-08-02 20:23:08,348 p=17740 u=yolo n=ansible | TASK [install-mysql-service : Define mysql_socket.] ****************************
2022-08-02 20:23:08,378 p=17740 u=yolo n=ansible | ok: [db01.itili4.ru]
2022-08-02 20:23:08,391 p=17740 u=yolo n=ansible | ok: [db02.itili4.ru]
2022-08-02 20:23:08,403 p=17740 u=yolo n=ansible | TASK [install-mysql-service : Define mysql_supports_innodb_large_prefix.] ******
2022-08-02 20:23:08,441 p=17740 u=yolo n=ansible | ok: [db01.itili4.ru]
2022-08-02 20:23:08,449 p=17740 u=yolo n=ansible | ok: [db02.itili4.ru]
2022-08-02 20:23:08,461 p=17740 u=yolo n=ansible | TASK [install-mysql-service : include_tasks] ***********************************
2022-08-02 20:23:08,507 p=17740 u=yolo n=ansible | included: /home/yolo/PycharmProjects/diplom-netology/src/ansible/roles/install-mysql-service/tasks/setup-RedHat.yml for db01.itili4.ru, db02.itili4.ru
2022-08-02 20:23:08,520 p=17740 u=yolo n=ansible | TASK [install-mysql-service : Ensure MySQL packages are installed.] ************
2022-08-02 20:23:43,803 p=17740 u=yolo n=ansible | changed: [db02.itili4.ru]
2022-08-02 20:23:47,400 p=17740 u=yolo n=ansible | changed: [db01.itili4.ru]
2022-08-02 20:23:47,408 p=17740 u=yolo n=ansible | TASK [install-mysql-service : Check if MySQL packages were installed.] *********
2022-08-02 20:23:47,439 p=17740 u=yolo n=ansible | ok: [db01.itili4.ru]
2022-08-02 20:23:47,450 p=17740 u=yolo n=ansible | ok: [db02.itili4.ru]
2022-08-02 20:23:47,463 p=17740 u=yolo n=ansible | TASK [install-mysql-service : include_tasks] ***********************************
2022-08-02 20:23:47,502 p=17740 u=yolo n=ansible | included: /home/yolo/PycharmProjects/diplom-netology/src/ansible/roles/install-mysql-service/tasks/configure.yml for db01.itili4.ru, db02.itili4.ru
2022-08-02 20:23:47,515 p=17740 u=yolo n=ansible | TASK [install-mysql-service : Get MySQL version.] ******************************
2022-08-02 20:23:49,156 p=17740 u=yolo n=ansible | ok: [db01.itili4.ru]
2022-08-02 20:23:49,814 p=17740 u=yolo n=ansible | ok: [db02.itili4.ru]
2022-08-02 20:23:49,822 p=17740 u=yolo n=ansible | TASK [install-mysql-service : Copy my.cnf global MySQL configuration.] *********
2022-08-02 20:23:52,958 p=17740 u=yolo n=ansible | changed: [db01.itili4.ru]
2022-08-02 20:23:52,961 p=17740 u=yolo n=ansible | changed: [db02.itili4.ru]
2022-08-02 20:23:52,969 p=17740 u=yolo n=ansible | TASK [install-mysql-service : Verify mysql include directory exists.] **********
2022-08-02 20:23:53,001 p=17740 u=yolo n=ansible | skipping: [db01.itili4.ru]
2022-08-02 20:23:53,015 p=17740 u=yolo n=ansible | skipping: [db02.itili4.ru]
2022-08-02 20:23:53,024 p=17740 u=yolo n=ansible | TASK [install-mysql-service : Copy my.cnf override files into include directory.] ***
2022-08-02 20:23:53,055 p=17740 u=yolo n=ansible | TASK [install-mysql-service : Create slow query log file (if configured).] *****
2022-08-02 20:23:53,072 p=17740 u=yolo n=ansible | skipping: [db01.itili4.ru]
2022-08-02 20:23:53,079 p=17740 u=yolo n=ansible | skipping: [db02.itili4.ru]
2022-08-02 20:23:53,087 p=17740 u=yolo n=ansible | TASK [install-mysql-service : Create datadir if it does not exist] *************
2022-08-02 20:23:54,678 p=17740 u=yolo n=ansible | ok: [db02.itili4.ru]
2022-08-02 20:23:54,688 p=17740 u=yolo n=ansible | ok: [db01.itili4.ru]
2022-08-02 20:23:54,695 p=17740 u=yolo n=ansible | TASK [install-mysql-service : Set ownership on slow query log file (if configured).] ***
2022-08-02 20:23:54,710 p=17740 u=yolo n=ansible | skipping: [db01.itili4.ru]
2022-08-02 20:23:54,718 p=17740 u=yolo n=ansible | skipping: [db02.itili4.ru]
2022-08-02 20:23:54,727 p=17740 u=yolo n=ansible | TASK [install-mysql-service : Create error log file (if configured).] **********
2022-08-02 20:23:54,768 p=17740 u=yolo n=ansible | skipping: [db01.itili4.ru]
2022-08-02 20:23:54,788 p=17740 u=yolo n=ansible | skipping: [db02.itili4.ru]
2022-08-02 20:23:54,797 p=17740 u=yolo n=ansible | TASK [install-mysql-service : Set ownership on error log file (if configured).] ***
2022-08-02 20:23:54,831 p=17740 u=yolo n=ansible | skipping: [db01.itili4.ru]
2022-08-02 20:23:54,843 p=17740 u=yolo n=ansible | skipping: [db02.itili4.ru]
2022-08-02 20:23:54,854 p=17740 u=yolo n=ansible | TASK [install-mysql-service : Ensure MySQL is started and enabled on boot.] ****
2022-08-02 20:24:10,353 p=17740 u=yolo n=ansible | changed: [db02.itili4.ru]
2022-08-02 20:24:10,545 p=17740 u=yolo n=ansible | changed: [db01.itili4.ru]
2022-08-02 20:24:10,557 p=17740 u=yolo n=ansible | TASK [install-mysql-service : include_tasks] ***********************************
2022-08-02 20:24:10,616 p=17740 u=yolo n=ansible | included: /home/yolo/PycharmProjects/diplom-netology/src/ansible/roles/install-mysql-service/tasks/secure-installation.yml for db01.itili4.ru, db02.itili4.ru
2022-08-02 20:24:10,644 p=17740 u=yolo n=ansible | TASK [install-mysql-service : Ensure default user is present.] *****************
2022-08-02 20:24:10,663 p=17740 u=yolo n=ansible | skipping: [db01.itili4.ru]
2022-08-02 20:24:10,670 p=17740 u=yolo n=ansible | skipping: [db02.itili4.ru]
2022-08-02 20:24:10,678 p=17740 u=yolo n=ansible | TASK [install-mysql-service : Copy user-my.cnf file with password credentials.] ***
2022-08-02 20:24:10,712 p=17740 u=yolo n=ansible | skipping: [db01.itili4.ru]
2022-08-02 20:24:10,724 p=17740 u=yolo n=ansible | skipping: [db02.itili4.ru]
2022-08-02 20:24:10,738 p=17740 u=yolo n=ansible | TASK [install-mysql-service : Disallow root login remotely] ********************
2022-08-02 20:24:12,347 p=17740 u=yolo n=ansible | ok: [db01.itili4.ru] => (item=DELETE FROM mysql.user WHERE User='root' AND Host NOT IN ('localhost', '127.0.0.1', '::1'))
2022-08-02 20:24:12,415 p=17740 u=yolo n=ansible | ok: [db02.itili4.ru] => (item=DELETE FROM mysql.user WHERE User='root' AND Host NOT IN ('localhost', '127.0.0.1', '::1'))
2022-08-02 20:24:12,423 p=17740 u=yolo n=ansible | TASK [install-mysql-service : Get list of hosts for the root user.] ************
2022-08-02 20:24:13,933 p=17740 u=yolo n=ansible | ok: [db01.itili4.ru]
2022-08-02 20:24:13,998 p=17740 u=yolo n=ansible | ok: [db02.itili4.ru]
2022-08-02 20:24:14,011 p=17740 u=yolo n=ansible | TASK [install-mysql-service : Update MySQL root password for localhost root account (5.7.x).] ***
2022-08-02 20:24:14,052 p=17740 u=yolo n=ansible | skipping: [db01.itili4.ru] => (item=127.0.0.1) 
2022-08-02 20:24:14,056 p=17740 u=yolo n=ansible | skipping: [db01.itili4.ru] => (item=::1) 
2022-08-02 20:24:14,059 p=17740 u=yolo n=ansible | skipping: [db01.itili4.ru] => (item=localhost) 
2022-08-02 20:24:14,065 p=17740 u=yolo n=ansible | skipping: [db02.itili4.ru] => (item=127.0.0.1) 
2022-08-02 20:24:14,069 p=17740 u=yolo n=ansible | skipping: [db02.itili4.ru] => (item=::1) 
2022-08-02 20:24:14,072 p=17740 u=yolo n=ansible | skipping: [db02.itili4.ru] => (item=localhost) 
2022-08-02 20:24:14,080 p=17740 u=yolo n=ansible | TASK [install-mysql-service : Update MySQL root password for localhost root account (< 5.7.x).] ***
2022-08-02 20:24:15,591 p=17740 u=yolo n=ansible | changed: [db02.itili4.ru] => (item=127.0.0.1)
2022-08-02 20:24:15,603 p=17740 u=yolo n=ansible | changed: [db01.itili4.ru] => (item=127.0.0.1)
2022-08-02 20:24:17,059 p=17740 u=yolo n=ansible | changed: [db01.itili4.ru] => (item=::1)
2022-08-02 20:24:17,088 p=17740 u=yolo n=ansible | changed: [db02.itili4.ru] => (item=::1)
2022-08-02 20:24:18,564 p=17740 u=yolo n=ansible | changed: [db01.itili4.ru] => (item=localhost)
2022-08-02 20:24:18,574 p=17740 u=yolo n=ansible | changed: [db02.itili4.ru] => (item=localhost)
2022-08-02 20:24:18,583 p=17740 u=yolo n=ansible | TASK [install-mysql-service : Copy .my.cnf file with root password credentials.] ***
2022-08-02 20:24:21,598 p=17740 u=yolo n=ansible | changed: [db01.itili4.ru]
2022-08-02 20:24:21,639 p=17740 u=yolo n=ansible | changed: [db02.itili4.ru]
2022-08-02 20:24:21,651 p=17740 u=yolo n=ansible | TASK [install-mysql-service : Get list of hosts for the anonymous user.] *******
2022-08-02 20:24:23,129 p=17740 u=yolo n=ansible | ok: [db01.itili4.ru]
2022-08-02 20:24:23,171 p=17740 u=yolo n=ansible | ok: [db02.itili4.ru]
2022-08-02 20:24:23,179 p=17740 u=yolo n=ansible | TASK [install-mysql-service : Remove anonymous MySQL users.] *******************
2022-08-02 20:24:24,902 p=17740 u=yolo n=ansible | changed: [db02.itili4.ru] => (item=db02.itili4.ru)
2022-08-02 20:24:24,985 p=17740 u=yolo n=ansible | changed: [db01.itili4.ru] => (item=db01.itili4.ru)
2022-08-02 20:24:26,439 p=17740 u=yolo n=ansible | changed: [db02.itili4.ru] => (item=localhost)
2022-08-02 20:24:26,552 p=17740 u=yolo n=ansible | changed: [db01.itili4.ru] => (item=localhost)
2022-08-02 20:24:26,561 p=17740 u=yolo n=ansible | TASK [install-mysql-service : Remove MySQL test database.] *********************
2022-08-02 20:24:28,136 p=17740 u=yolo n=ansible | changed: [db01.itili4.ru]
2022-08-02 20:24:28,146 p=17740 u=yolo n=ansible | changed: [db02.itili4.ru]
2022-08-02 20:24:28,158 p=17740 u=yolo n=ansible | TASK [install-mysql-service : include_tasks] ***********************************
2022-08-02 20:24:28,202 p=17740 u=yolo n=ansible | included: /home/yolo/PycharmProjects/diplom-netology/src/ansible/roles/install-mysql-service/tasks/databases.yml for db01.itili4.ru, db02.itili4.ru
2022-08-02 20:24:28,224 p=17740 u=yolo n=ansible | TASK [install-mysql-service : Ensure MySQL databases are present.] *************
2022-08-02 20:24:29,743 p=17740 u=yolo n=ansible | changed: [db02.itili4.ru] => (item={'name': 'wordpress', 'replicate': 1})
2022-08-02 20:24:29,744 p=17740 u=yolo n=ansible | changed: [db01.itili4.ru] => (item={'name': 'wordpress', 'replicate': 1})
2022-08-02 20:24:29,754 p=17740 u=yolo n=ansible | TASK [install-mysql-service : include_tasks] ***********************************
2022-08-02 20:24:29,792 p=17740 u=yolo n=ansible | included: /home/yolo/PycharmProjects/diplom-netology/src/ansible/roles/install-mysql-service/tasks/users.yml for db01.itili4.ru, db02.itili4.ru
2022-08-02 20:24:29,813 p=17740 u=yolo n=ansible | TASK [install-mysql-service : Ensure MySQL users are present.] *****************
2022-08-02 20:24:31,413 p=17740 u=yolo n=ansible | changed: [db01.itili4.ru] => (item={'name': 'wordpress', 'host': 'dbha.itili4.ru', 'password': 'wordpress', 'priv': '*.*:ALL,GRANT'})
2022-08-02 20:24:31,438 p=17740 u=yolo n=ansible | changed: [db02.itili4.ru] => (item={'name': 'wordpress', 'host': 'dbha.itili4.ru', 'password': 'wordpress', 'priv': '*.*:ALL,GRANT'})
2022-08-02 20:24:32,876 p=17740 u=yolo n=ansible | changed: [db01.itili4.ru] => (item={'name': 'replicationuser', 'host': 'db02.itili4.ru', 'password': 'replicationuser', 'priv': '*.*:ALL,GRANT'})
2022-08-02 20:24:32,919 p=17740 u=yolo n=ansible | changed: [db02.itili4.ru] => (item={'name': 'replicationuser', 'host': 'db02.itili4.ru', 'password': 'replicationuser', 'priv': '*.*:ALL,GRANT'})
2022-08-02 20:24:32,928 p=17740 u=yolo n=ansible | TASK [install-mysql-service : include_tasks] ***********************************
2022-08-02 20:24:32,967 p=17740 u=yolo n=ansible | included: /home/yolo/PycharmProjects/diplom-netology/src/ansible/roles/install-mysql-service/tasks/replication.yml for db01.itili4.ru, db02.itili4.ru
2022-08-02 20:24:33,000 p=17740 u=yolo n=ansible | TASK [install-mysql-service : Ensure replication user exists on master.] *******
2022-08-02 20:24:33,025 p=17740 u=yolo n=ansible | skipping: [db02.itili4.ru]
2022-08-02 20:24:34,574 p=17740 u=yolo n=ansible | changed: [db01.itili4.ru]
2022-08-02 20:24:34,581 p=17740 u=yolo n=ansible | TASK [install-mysql-service : Check slave replication status.] *****************
2022-08-02 20:24:34,597 p=17740 u=yolo n=ansible | skipping: [db01.itili4.ru]
2022-08-02 20:24:36,338 p=17740 u=yolo n=ansible | fatal: [db02.itili4.ru]: FAILED! => {"changed": false, "msg": "unable to connect to database, check login_user and login_password are correct or /root/.my.cnf has the credentials. Exception message: (1045, \"Access denied for user '********'@'localhost' (using password: YES)\")"}
2022-08-02 20:24:36,338 p=17740 u=yolo n=ansible | ...ignoring
2022-08-02 20:24:36,366 p=17740 u=yolo n=ansible | TASK [install-mysql-service : Check master replication status.] ****************
2022-08-02 20:24:36,393 p=17740 u=yolo n=ansible | skipping: [db01.itili4.ru]
2022-08-02 20:24:38,041 p=17740 u=yolo n=ansible | [DEPRECATION WARNING]: "getmaster" option is deprecated, use "getprimary" 
instead. This feature will be removed from community.mysql in version 3.0.0. 
Deprecation warnings can be disabled by setting deprecation_warnings=False in 
ansible.cfg.
2022-08-02 20:24:38,041 p=17740 u=yolo n=ansible | [DEPRECATION WARNING]: "Is_Master" and "Is_Slave" return values are deprecated 
and will be replaced with "Is_Primary" and "Is_Replica" in the next major 
release. Use "Is_Primary" and "Is_Replica" instead. This feature will be 
removed from community.mysql in version 3.0.0. Deprecation warnings can be 
disabled by setting deprecation_warnings=False in ansible.cfg.
2022-08-02 20:24:38,041 p=17740 u=yolo n=ansible | ok: [db02.itili4.ru -> db01.itili4.ru(192.168.101.12)]
2022-08-02 20:24:38,049 p=17740 u=yolo n=ansible | TASK [install-mysql-service : Configure replication on the slave.] *************
2022-08-02 20:24:38,068 p=17740 u=yolo n=ansible | skipping: [db01.itili4.ru]
2022-08-02 20:24:39,954 p=17740 u=yolo n=ansible | [DEPRECATION WARNING]: "changemaster" option is deprecated, use "changeprimary"
 instead. This feature will be removed from community.mysql in version 3.0.0. 
Deprecation warnings can be disabled by setting deprecation_warnings=False in 
ansible.cfg.
2022-08-02 20:24:39,954 p=17740 u=yolo n=ansible | changed: [db02.itili4.ru]
2022-08-02 20:24:39,966 p=17740 u=yolo n=ansible | TASK [install-mysql-service : Start replication.] ******************************
2022-08-02 20:24:39,992 p=17740 u=yolo n=ansible | skipping: [db01.itili4.ru]
2022-08-02 20:24:41,497 p=17740 u=yolo n=ansible | [DEPRECATION WARNING]: "startslave" option is deprecated, use "startreplica" 
instead. This feature will be removed from community.mysql in version 3.0.0. 
Deprecation warnings can be disabled by setting deprecation_warnings=False in 
ansible.cfg.
2022-08-02 20:24:41,497 p=17740 u=yolo n=ansible | changed: [db02.itili4.ru]
2022-08-02 20:24:41,505 p=17740 u=yolo n=ansible | TASK [install-mysql-service : Configure SELinux for incoming connections.] *****
2022-08-02 20:24:48,188 p=17740 u=yolo n=ansible | changed: [db01.itili4.ru]
2022-08-02 20:24:48,226 p=17740 u=yolo n=ansible | changed: [db02.itili4.ru]
2022-08-02 20:24:48,261 p=17740 u=yolo n=ansible | RUNNING HANDLER [install-node-exporter : restart node_exporter] ****************
2022-08-02 20:24:50,061 p=17740 u=yolo n=ansible | changed: [db02.itili4.ru]
2022-08-02 20:24:50,093 p=17740 u=yolo n=ansible | changed: [db01.itili4.ru]
2022-08-02 20:24:50,094 p=17740 u=yolo n=ansible | RUNNING HANDLER [install-mysql-service : restart mysql] ************************
2022-08-02 20:24:50,122 p=25673 u=yolo n=ansible | [WARNING]: Ignoring "sleep" as it is not used in "systemd"

2022-08-02 20:24:50,134 p=25674 u=yolo n=ansible | [WARNING]: Ignoring "sleep" as it is not used in "systemd"

2022-08-02 20:24:55,875 p=17740 u=yolo n=ansible | changed: [db02.itili4.ru]
2022-08-02 20:24:56,193 p=17740 u=yolo n=ansible | changed: [db01.itili4.ru]
2022-08-02 20:24:56,203 p=17740 u=yolo n=ansible | PLAY [Setup Application server] ************************************************
2022-08-02 20:24:56,221 p=17740 u=yolo n=ansible | TASK [Gathering Facts] *********************************************************
2022-08-02 20:25:00,399 p=17740 u=yolo n=ansible | ok: [wordpress.itili4.ru]
2022-08-02 20:25:00,418 p=17740 u=yolo n=ansible | TASK [install-node-exporter : Check current node_exporter version.] ************
2022-08-02 20:25:02,028 p=17740 u=yolo n=ansible | ok: [wordpress.itili4.ru]
2022-08-02 20:25:02,036 p=17740 u=yolo n=ansible | TASK [install-node-exporter : Download and unarchive node_exporter into temporary location.] ***
2022-08-02 20:25:06,019 p=17740 u=yolo n=ansible | changed: [wordpress.itili4.ru]
2022-08-02 20:25:06,026 p=17740 u=yolo n=ansible | TASK [install-node-exporter : Move node_exporter binary into place.] ***********
2022-08-02 20:25:07,778 p=17740 u=yolo n=ansible | changed: [wordpress.itili4.ru]
2022-08-02 20:25:07,786 p=17740 u=yolo n=ansible | TASK [install-node-exporter : Create node_exporter user.] **********************
2022-08-02 20:25:09,491 p=17740 u=yolo n=ansible | changed: [wordpress.itili4.ru]
2022-08-02 20:25:09,499 p=17740 u=yolo n=ansible | TASK [install-node-exporter : Copy the node_exporter systemd unit file.] *******
2022-08-02 20:25:12,558 p=17740 u=yolo n=ansible | changed: [wordpress.itili4.ru]
2022-08-02 20:25:12,566 p=17740 u=yolo n=ansible | TASK [install-node-exporter : Reload systemd daemon if unit file is changed.] ***
2022-08-02 20:25:14,444 p=17740 u=yolo n=ansible | ok: [wordpress.itili4.ru]
2022-08-02 20:25:14,451 p=17740 u=yolo n=ansible | TASK [install-node-exporter : Ensure node_exporter is running and enabled at boot.] ***
2022-08-02 20:25:16,327 p=17740 u=yolo n=ansible | changed: [wordpress.itili4.ru]
2022-08-02 20:25:16,337 p=17740 u=yolo n=ansible | TASK [install-node-exporter : Verify node_exporter is responding to requests.] ***
2022-08-02 20:25:17,923 p=17740 u=yolo n=ansible | ok: [wordpress.itili4.ru]
2022-08-02 20:25:17,939 p=17740 u=yolo n=ansible | TASK [install-wordpress : include_tasks] ***************************************
2022-08-02 20:25:17,958 p=17740 u=yolo n=ansible | included: /home/yolo/PycharmProjects/diplom-netology/src/ansible/roles/install-wordpress/tasks/setup-Apache.yml for wordpress.itili4.ru
2022-08-02 20:25:17,966 p=17740 u=yolo n=ansible | TASK [install-wordpress : Add epel-release repo] *******************************
2022-08-02 20:25:37,721 p=17740 u=yolo n=ansible | changed: [wordpress.itili4.ru]
2022-08-02 20:25:37,733 p=17740 u=yolo n=ansible | TASK [install-wordpress : Ensure Httpd package is installed.] ******************
2022-08-02 20:26:15,958 p=17740 u=yolo n=ansible | changed: [wordpress.itili4.ru]
2022-08-02 20:26:15,970 p=17740 u=yolo n=ansible | TASK [install-wordpress : Enable service httpd and ensure it is not masked] ****
2022-08-02 20:26:17,715 p=17740 u=yolo n=ansible | changed: [wordpress.itili4.ru]
2022-08-02 20:26:17,723 p=17740 u=yolo n=ansible | TASK [install-wordpress : Start httpd] *****************************************
2022-08-02 20:26:19,445 p=17740 u=yolo n=ansible | changed: [wordpress.itili4.ru]
2022-08-02 20:26:19,452 p=17740 u=yolo n=ansible | TASK [install-wordpress : include_tasks] ***************************************
2022-08-02 20:26:19,469 p=17740 u=yolo n=ansible | included: /home/yolo/PycharmProjects/diplom-netology/src/ansible/roles/install-wordpress/tasks/setup-PHP.yml for wordpress.itili4.ru
2022-08-02 20:26:19,478 p=17740 u=yolo n=ansible | TASK [install-wordpress : Import remi GPG key.] ********************************
2022-08-02 20:26:21,588 p=17740 u=yolo n=ansible | changed: [wordpress.itili4.ru]
2022-08-02 20:26:21,595 p=17740 u=yolo n=ansible | TASK [install-wordpress : Install remi repo.] **********************************
2022-08-02 20:26:24,803 p=17740 u=yolo n=ansible | changed: [wordpress.itili4.ru]
2022-08-02 20:26:24,811 p=17740 u=yolo n=ansible | TASK [install-wordpress : Ensure PHP packages is installed.] *******************
2022-08-02 20:27:29,922 p=17740 u=yolo n=ansible | changed: [wordpress.itili4.ru] => (item=php74-php)
2022-08-02 20:27:31,939 p=17740 u=yolo n=ansible | ok: [wordpress.itili4.ru] => (item=php74-php-cli)
2022-08-02 20:28:22,631 p=17740 u=yolo n=ansible | changed: [wordpress.itili4.ru] => (item=php74-php-mysqlnd)
2022-08-02 20:29:19,480 p=17740 u=yolo n=ansible | changed: [wordpress.itili4.ru] => (item=php74-php-pear)
2022-08-02 20:30:10,260 p=17740 u=yolo n=ansible | changed: [wordpress.itili4.ru] => (item=php74-php-mbstring)
2022-08-02 20:31:02,204 p=17740 u=yolo n=ansible | changed: [wordpress.itili4.ru] => (item=php74-php-mcrypt)
2022-08-02 20:32:08,865 p=17740 u=yolo n=ansible | changed: [wordpress.itili4.ru] => (item=php74-php-devel)
2022-08-02 20:32:10,984 p=17740 u=yolo n=ansible | ok: [wordpress.itili4.ru] => (item=php74-php-xml)
2022-08-02 20:33:07,477 p=17740 u=yolo n=ansible | changed: [wordpress.itili4.ru] => (item=php74-php-gd)
2022-08-02 20:34:02,252 p=17740 u=yolo n=ansible | changed: [wordpress.itili4.ru] => (item=php74-php-fpm)
2022-08-02 20:34:55,051 p=17740 u=yolo n=ansible | changed: [wordpress.itili4.ru] => (item=php74-php-zip)
2022-08-02 20:35:23,605 p=17740 u=yolo n=ansible | ok: [wordpress.itili4.ru] => (item=php74-php-curl)
2022-08-02 20:36:17,297 p=17740 u=yolo n=ansible | changed: [wordpress.itili4.ru] => (item=php74-php-bcmath)
2022-08-02 20:36:19,379 p=17740 u=yolo n=ansible | ok: [wordpress.itili4.ru] => (item=php74-php-json)
2022-08-02 20:36:19,388 p=17740 u=yolo n=ansible | TASK [install-wordpress : include_tasks] ***************************************
2022-08-02 20:36:19,411 p=17740 u=yolo n=ansible | TASK [install-wordpress : include_tasks] ***************************************
2022-08-02 20:36:19,448 p=17740 u=yolo n=ansible | included: /home/yolo/PycharmProjects/diplom-netology/src/ansible/roles/install-wordpress/tasks/configure-Apache.yml for wordpress.itili4.ru
2022-08-02 20:36:19,463 p=17740 u=yolo n=ansible | TASK [install-wordpress : Paste Httpd Config] **********************************
2022-08-02 20:36:22,747 p=17740 u=yolo n=ansible | changed: [wordpress.itili4.ru]
2022-08-02 20:36:22,754 p=17740 u=yolo n=ansible | TASK [install-wordpress : Set up httpd directories] ****************************
2022-08-02 20:36:24,484 p=17740 u=yolo n=ansible | changed: [wordpress.itili4.ru] => (item=sites-available)
2022-08-02 20:36:26,168 p=17740 u=yolo n=ansible | changed: [wordpress.itili4.ru] => (item=sites-enabled)
2022-08-02 20:36:26,177 p=17740 u=yolo n=ansible | TASK [install-wordpress : Add Site Config] *************************************
2022-08-02 20:36:29,827 p=17740 u=yolo n=ansible | changed: [wordpress.itili4.ru]
2022-08-02 20:36:29,834 p=17740 u=yolo n=ansible | TASK [install-wordpress : Enable Site Config] **********************************
2022-08-02 20:36:31,500 p=17740 u=yolo n=ansible | changed: [wordpress.itili4.ru]
2022-08-02 20:36:31,508 p=17740 u=yolo n=ansible | TASK [install-wordpress : Create WebRoot sites] ********************************
2022-08-02 20:36:33,047 p=17740 u=yolo n=ansible | changed: [wordpress.itili4.ru]
2022-08-02 20:36:33,055 p=17740 u=yolo n=ansible | TASK [install-wordpress : Create WebRoot sites logs] ***************************
2022-08-02 20:36:34,601 p=17740 u=yolo n=ansible | changed: [wordpress.itili4.ru]
2022-08-02 20:36:34,609 p=17740 u=yolo n=ansible | TASK [install-wordpress : Create sites log files] ******************************
2022-08-02 20:36:36,210 p=17740 u=yolo n=ansible | changed: [wordpress.itili4.ru] => (item=error)
2022-08-02 20:36:37,815 p=17740 u=yolo n=ansible | changed: [wordpress.itili4.ru] => (item=access)
2022-08-02 20:36:37,829 p=17740 u=yolo n=ansible | TASK [install-wordpress : WebRoot Permissions Sites] ***************************
2022-08-02 20:36:39,395 p=17740 u=yolo n=ansible | changed: [wordpress.itili4.ru]
2022-08-02 20:36:39,403 p=17740 u=yolo n=ansible | TASK [install-wordpress : Allow apache to modify files in wordpress.itili4.ru/public_html] ***
2022-08-02 20:36:43,908 p=17740 u=yolo n=ansible | changed: [wordpress.itili4.ru]
2022-08-02 20:36:43,916 p=17740 u=yolo n=ansible | TASK [install-wordpress : Apply new SELinux file context to filesystem wordpress.itili4.ru/public_html] ***
2022-08-02 20:36:45,664 p=17740 u=yolo n=ansible | changed: [wordpress.itili4.ru]
2022-08-02 20:36:45,671 p=17740 u=yolo n=ansible | TASK [install-wordpress : Apply new SELinux file context to filesystem wordpress.itili4.ru/logs] ***
2022-08-02 20:36:50,240 p=17740 u=yolo n=ansible | changed: [wordpress.itili4.ru]
2022-08-02 20:36:50,248 p=17740 u=yolo n=ansible | TASK [install-wordpress : Allow webserver to connect to remote database through SELinux] ***
2022-08-02 20:36:54,805 p=17740 u=yolo n=ansible | changed: [wordpress.itili4.ru]
2022-08-02 20:36:54,812 p=17740 u=yolo n=ansible | TASK [install-wordpress : Apply new SELinux file context to filesystem wordpress.itili4.ru/logs] ***
2022-08-02 20:36:56,531 p=17740 u=yolo n=ansible | changed: [wordpress.itili4.ru]
2022-08-02 20:36:56,539 p=17740 u=yolo n=ansible | TASK [install-wordpress : Ensure Apache is running] ****************************
2022-08-02 20:36:58,436 p=17740 u=yolo n=ansible | ok: [wordpress.itili4.ru]
2022-08-02 20:36:58,444 p=17740 u=yolo n=ansible | TASK [install-wordpress : Reload Apache] ***************************************
2022-08-02 20:37:00,385 p=17740 u=yolo n=ansible | changed: [wordpress.itili4.ru]
2022-08-02 20:37:00,392 p=17740 u=yolo n=ansible | TASK [install-wordpress : include_tasks] ***************************************
2022-08-02 20:37:00,412 p=17740 u=yolo n=ansible | included: /home/yolo/PycharmProjects/diplom-netology/src/ansible/roles/install-wordpress/tasks/setup-Wordpress.yml for wordpress.itili4.ru
2022-08-02 20:37:00,424 p=17740 u=yolo n=ansible | TASK [install-wordpress : Download and unpack latest WordPress] ****************
2022-08-02 20:37:07,951 p=17740 u=yolo n=ansible | changed: [wordpress.itili4.ru]
2022-08-02 20:37:07,959 p=17740 u=yolo n=ansible | TASK [install-wordpress : Move wordpress to webroot] ***************************
2022-08-02 20:37:10,855 p=17740 u=yolo n=ansible | changed: [wordpress.itili4.ru]
2022-08-02 20:37:10,862 p=17740 u=yolo n=ansible | TASK [install-wordpress : Set up wp-config] ************************************
2022-08-02 20:37:14,119 p=17740 u=yolo n=ansible | changed: [wordpress.itili4.ru]
2022-08-02 20:37:14,129 p=17740 u=yolo n=ansible | TASK [install-wordpress : WebRoot Permissions Sites] ***************************
2022-08-02 20:37:17,675 p=17740 u=yolo n=ansible | changed: [wordpress.itili4.ru]
2022-08-02 20:37:17,683 p=17740 u=yolo n=ansible | TASK [install-wordpress : Reload Apache] ***************************************
2022-08-02 20:37:19,528 p=17740 u=yolo n=ansible | changed: [wordpress.itili4.ru]
2022-08-02 20:37:19,536 p=17740 u=yolo n=ansible | TASK [install-wordpress : include_tasks] ***************************************
2022-08-02 20:37:19,565 p=17740 u=yolo n=ansible | TASK [install-rsyncserver : Install client] ************************************
2022-08-02 20:37:19,575 p=17740 u=yolo n=ansible | skipping: [wordpress.itili4.ru]
2022-08-02 20:37:19,583 p=17740 u=yolo n=ansible | TASK [install-rsyncserver : Install server] ************************************
2022-08-02 20:37:19,607 p=17740 u=yolo n=ansible | included: /home/yolo/PycharmProjects/diplom-netology/src/ansible/roles/install-rsyncserver/tasks/server.yml for wordpress.itili4.ru
2022-08-02 20:37:19,614 p=17740 u=yolo n=ansible | TASK [install-rsyncserver : rsyncd | install rsync] ****************************
2022-08-02 20:37:23,929 p=17740 u=yolo n=ansible | ok: [wordpress.itili4.ru]
2022-08-02 20:37:23,937 p=17740 u=yolo n=ansible | TASK [install-rsyncserver : rsyncd | create log directory] *********************
2022-08-02 20:37:28,135 p=17740 u=yolo n=ansible | changed: [wordpress.itili4.ru]
2022-08-02 20:37:28,142 p=17740 u=yolo n=ansible | TASK [install-rsyncserver : rsyncd | configure shares] *************************
2022-08-02 20:37:31,432 p=17740 u=yolo n=ansible | changed: [wordpress.itili4.ru]
2022-08-02 20:37:31,440 p=17740 u=yolo n=ansible | TASK [install-rsyncserver : rsyncd | configure logrotate] **********************
2022-08-02 20:37:34,563 p=17740 u=yolo n=ansible | changed: [wordpress.itili4.ru]
2022-08-02 20:37:34,573 p=17740 u=yolo n=ansible | TASK [install-rsyncserver : Copy file with owner and permissions] **************
2022-08-02 20:37:37,823 p=17740 u=yolo n=ansible | changed: [wordpress.itili4.ru]
2022-08-02 20:37:37,831 p=17740 u=yolo n=ansible | TASK [install-rsyncserver : rsyncd | selinux allow network connect] ************
2022-08-02 20:37:40,008 p=17740 u=yolo n=ansible | changed: [wordpress.itili4.ru]
2022-08-02 20:37:40,024 p=17740 u=yolo n=ansible | TASK [install-rsyncserver : Semanage to permissive mode ro rsync] **************
2022-08-02 20:37:50,859 p=17740 u=yolo n=ansible | changed: [wordpress.itili4.ru]
2022-08-02 20:37:50,866 p=17740 u=yolo n=ansible | TASK [install-rsyncserver : rsyncd | start and enable service] *****************
2022-08-02 20:37:52,808 p=17740 u=yolo n=ansible | changed: [wordpress.itili4.ru]
2022-08-02 20:37:52,823 p=17740 u=yolo n=ansible | TASK [install-wordpressexporter : Install yum utils] ***************************
2022-08-02 20:38:40,047 p=17740 u=yolo n=ansible | ok: [wordpress.itili4.ru]
2022-08-02 20:38:40,054 p=17740 u=yolo n=ansible | TASK [install-wordpressexporter : Install device-mapper-persistent-data] *******
2022-08-02 20:39:48,662 p=17740 u=yolo n=ansible | changed: [wordpress.itili4.ru]
2022-08-02 20:39:48,670 p=17740 u=yolo n=ansible | TASK [install-wordpressexporter : Install lvm2] ********************************
2022-08-02 20:40:58,154 p=17740 u=yolo n=ansible | changed: [wordpress.itili4.ru]
2022-08-02 20:40:58,165 p=17740 u=yolo n=ansible | TASK [install-wordpressexporter : Add Docker repo] *****************************
2022-08-02 20:41:00,204 p=17740 u=yolo n=ansible | changed: [wordpress.itili4.ru]
2022-08-02 20:41:00,219 p=17740 u=yolo n=ansible | TASK [install-wordpressexporter : Install Docker] ******************************
2022-08-02 20:42:39,067 p=17740 u=yolo n=ansible | changed: [wordpress.itili4.ru]
2022-08-02 20:42:39,076 p=17740 u=yolo n=ansible | TASK [install-wordpressexporter : Start Docker service] ************************
2022-08-02 20:42:48,463 p=17740 u=yolo n=ansible | changed: [wordpress.itili4.ru]
2022-08-02 20:42:48,471 p=17740 u=yolo n=ansible | TASK [install-wordpressexporter : Add user centos to docker group] *************
2022-08-02 20:42:50,196 p=17740 u=yolo n=ansible | changed: [wordpress.itili4.ru]
2022-08-02 20:42:50,212 p=17740 u=yolo n=ansible | TASK [install-wordpressexporter : Start wordpress-exporter] ********************
2022-08-02 20:42:52,128 p=17740 u=yolo n=ansible | An exception occurred during task execution. To see the full traceback, use -vvv. The error was: ImportError: No module named docker
2022-08-02 20:42:52,129 p=17740 u=yolo n=ansible | fatal: [wordpress.itili4.ru]: FAILED! => {"changed": false, "msg": "Failed to import the required Python library (Docker SDK for Python: docker above 5.0.0 (Python >= 3.6) or docker before 5.0.0 (Python 2.7) or docker-py (Python 2.6)) on wordpress.itili4.ru's Python /usr/bin/python. Please read the module documentation and install it in the appropriate location. If the required library is installed, but Ansible is using the wrong Python interpreter, please consult the documentation on ansible_python_interpreter, for example via `pip install docker` (Python >= 3.6) or `pip install docker==4.4.4` (Python 2.7) or `pip install docker-py` (Python 2.6). The error was: No module named docker"}
2022-08-02 20:42:52,129 p=17740 u=yolo n=ansible | RUNNING HANDLER [install-node-exporter : restart node_exporter] ****************
2022-08-02 20:42:52,130 p=17740 u=yolo n=ansible | PLAY RECAP *********************************************************************
2022-08-02 20:42:52,130 p=17740 u=yolo n=ansible | db01.itili4.ru             : ok=46   changed=18   unreachable=0    failed=0    skipped=13   rescued=0    ignored=0   
2022-08-02 20:42:52,131 p=17740 u=yolo n=ansible | db02.itili4.ru             : ok=49   changed=19   unreachable=0    failed=0    skipped=10   rescued=0    ignored=1   
2022-08-02 20:42:52,131 p=17740 u=yolo n=ansible | dbha.itili4.ru             : ok=19   changed=13   unreachable=0    failed=0    skipped=0    rescued=0    ignored=0   
2022-08-02 20:42:52,131 p=17740 u=yolo n=ansible | rproxy.itili4.ru           : ok=34   changed=26   unreachable=0    failed=0    skipped=2    rescued=0    ignored=0   
2022-08-02 20:42:52,131 p=17740 u=yolo n=ansible | wordpress.itili4.ru        : ok=56   changed=44   unreachable=0    failed=1    skipped=1    rescued=0    ignored=0   
